[/usr/local/teach/scoring/F4DE-3.2.4/bin/BABEL13_Scorer]
FYI: /usr/local/teach/scoring/F4DE-3.2.4/bin/BABEL13_Scorer will run: [/usr/local/teach/scoring/F4DE-3.2.4/KWSEval/BABEL/Participants/BABEL_Scorer.pl --Specfile /usr/local/teach/scoring/F4DE-3.2.4/KWSEval/BABEL/Participants/../../data/KWS13-SubmissionChecker_conf.perl -sys scoring/decode-morph_grapheme2/decode-morph_grapheme2.kwslist.xml -dbDir /usr/local/teach/MLSALT5/Practical/IndusDB -comp scoring/decode-morph_grapheme2/decode-morph_grapheme2-tmp -res scoring/decode-morph_grapheme2/decode-morph_grapheme2 -exp KWS13_CUED_IARPA-babel202b-v1.0d_conv-dev_BaDev_KWS_FullLP_BaseLR_NTAR_p-test_1]

Step 1: Parse input
Info: EXPID = KWS13_CUED_IARPA-babel202b-v1.0d_conv-dev_BaDev_KWS_FullLP_BaseLR_NTAR_p-test_1
Info: Tag = KWS13
Info: Team = CUED
Info: Corpus = IARPA-babel202b-v1.0d
Info: Partition = conv-dev
Info: ScoringCase = BaDev
Info: Task = KWS
Info: TrainingCond = 
Info: SystemID = p-test
Info: Version = 1
Info: Language ID = IARPA-babel202
Info: Language = 202
Info: SCTKBin = 
Info: SHA256 = 
Info: evalYearSpecificKWSOptions = 
Info: SystemMetadata = 
Info: dbDir = /usr/local/teach/MLSALT5/Practical/IndusDB/IARPA-babel202b-v1.0d_conv-dev
Info: indusCorporaDefsFile = /usr/local/teach/MLSALT5/Practical/IndusDB/IndusCorporaDefs.pl version 'IndusCorporaDefs V14 20150424'
Info: indusCorporaDefsFile for IARPA-babel202: KWSProtocol => Occur
Info: indusCorporaDefsFile for IARPA-babel202: TokTimes => MITLLFA3
Info: indusCorporaDefsFile for IARPA-babel202: TokSeg => AppenWordSeg
Info: indusCorporaDefsFile for IARPA-babel202: Set => Full|EvalPart1
Info: indusCorporaDefsFile for IARPA-babel202: STTOptions{encoding} => -e utf-8
Beginning KWS scoring

Step 2: KWS scoring execution EvalPart1-Occur-MITLLFA3-AppenWordSeg: Scase BaDev: Eval Subset Part1, Occurrence scoring, MITLL Force Ali. V3, Original orthography
   Pre-requist file(s) /usr/local/teach/MLSALT5/Practical/IndusDB/IARPA-babel202b-v1.0d_conv-dev/IARPA-babel202b-v1.0d_conv-dev.scoring.cond-evalpart.value-evalpart1.files.ecf.xml do not exist.  Skipping run.

Step 2: KWS scoring execution Full-Occur-MITLLFA3-AppenWordSeg: Scase BaDev: Full Submission, Occurrence scoring, MITLL Force Ali. V3, Original orthography
  Execution completed.  Copying to results
    Full-Occur-MITLLFA3-AppenWordSeg.alignment.csv
    tar: Full-Occur-MITLLFA3-AppenWordSeg.alignment.csv: time stamp 2018-02-04 15:26:49 is 2.357010008 s in the future
    Full-Occur-MITLLFA3-AppenWordSeg.bsum.html
    tar: Full-Occur-MITLLFA3-AppenWordSeg.bsum.html: time stamp 2018-02-04 15:26:54 is 7.348945085 s in the future
    Full-Occur-MITLLFA3-AppenWordSeg.bsum.txt
    tar: Full-Occur-MITLLFA3-AppenWordSeg.bsum.txt: time stamp 2018-02-04 15:26:54 is 7.345322121 s in the future
    Full-Occur-MITLLFA3-AppenWordSeg.dets/sum.png
    tar: Full-Occur-MITLLFA3-AppenWordSeg.dets/sum.png: time stamp 2018-02-04 15:26:54 is 7.341763886 s in the future
    Full-Occur-MITLLFA3-AppenWordSeg.dets/sum.Occurrence.png
    tar: Full-Occur-MITLLFA3-AppenWordSeg.dets/sum.Occurrence.png: time stamp 2018-02-04 15:26:54 is 7.338698699 s in the future
    Full-Occur-MITLLFA3-AppenWordSeg.dets/sum.Occurrence.srl.gz
    tar: Full-Occur-MITLLFA3-AppenWordSeg.dets/sum.Occurrence.srl.gz: time stamp 2018-02-04 15:26:54 is 7.335228538 s in the future
    Full-Occur-MITLLFA3-AppenWordSeg.dets/sum.Occurrence.thresh.png
    tar: Full-Occur-MITLLFA3-AppenWordSeg.dets/sum.Occurrence.thresh.png: time stamp 2018-02-04 15:26:54 is 7.332103249 s in the future
    Full-Occur-MITLLFA3-AppenWordSeg.log
    tar: Full-Occur-MITLLFA3-AppenWordSeg.log: time stamp 2018-02-04 15:26:55 is 8.329449561 s in the future
    Full-Occur-MITLLFA3-AppenWordSeg.sh
    tar: Full-Occur-MITLLFA3-AppenWordSeg.sh: time stamp 2018-02-04 15:26:55 is 8.326905442 s in the future
    Full-Occur-MITLLFA3-AppenWordSeg.sum.html
    tar: Full-Occur-MITLLFA3-AppenWordSeg.sum.html: time stamp 2018-02-04 15:26:54 is 7.324011925 s in the future
    Full-Occur-MITLLFA3-AppenWordSeg.sum.txt
    tar: Full-Occur-MITLLFA3-AppenWordSeg.sum.txt: time stamp 2018-02-04 15:26:54 is 7.321191328 s in the future

Completed KWS Runs:
   Full-Occur-MITLLFA3-AppenWordSeg

Step 3: Building Ensemble.AllOccur: Scase BaDev: All Occurrence Scorings
  Main Title: 'Occurrence scoring, Full Submission, Original orthography, MITLL Force Ali. V3'
  Execution completed.  Copying to results
    Ensemble.AllOccur.log
    tar: Ensemble.AllOccur.log: time stamp 2018-02-04 15:26:56 is 8.370832101 s in the future
    Ensemble.AllOccur.png
    tar: Ensemble.AllOccur.png: time stamp 2018-02-04 15:26:56 is 8.367057022 s in the future
    Ensemble.AllOccur.results.txt
    tar: Ensemble.AllOccur.results.txt: time stamp 2018-02-04 15:26:56 is 8.364215457 s in the future
    Ensemble.AllOccur.sh
    tar: Ensemble.AllOccur.sh: time stamp 2018-02-04 15:26:55 is 7.36175928 s in the future

Step 4: Cleanup
  Scoring completed.  Copying readme and system description
    Readme.txt
    tar: Readme.txt: time stamp 2018-02-04 15:26:55 is 7.347749504 s in the future
find: ‘SystemMetadata.*’: No such file or directory
tar: Cowardly refusing to create an empty archive
Try 'tar --help' or 'tar --usage' for more information.
    tar: This does not look like a tar archive
    tar: Exiting with failure status due to previous errors
